115918
115918
115918
115918
115918
115918
115918
115918
115918
115918
115918
1355
116046
116046
116046
116046
116046
116046
116046
116046
116046
116046
116046
116046
1293
115665
115665
115665
115665
115665
115665
115665
115665
115665
115665
115665
115665
115665
1311
115651
115651
115651
115651
115651
115651
115651
115651
115651
115651
115651
1296
115765
115765
115765
115765
115765
115765
115765
115765
115765
115765
115765
115765
115765
1302
115704
115704
115704
115704
115704
115704
115704
115704
115704
115704
115704
115704
115704
1349
115696
115696
115696
115696
115696
115696
115696
115696
115696
115696
115696
115696
1302
115700
115700
115700
115700
115700
115700
115700
115700
115700
115700
115700
115700
115700
1338
115643
115643
115643
115643
115643
115643
115643
115643
115643
115643
115643
115643
1350
115679
115679
115679
115679
115679
115679
115679
115679
115679
115679
115679
115679
115679
1338
115920
115920
115920
115920
115920
115920
115920
115920
115920
115920
115920
115920
115920
1283
115886
115886
115886
115886
115886
115886
115886
115886
115886
115886
115886
115886
115886
1396
115973
115973
115973
115973
115973
115973
115973
115973
115973
115973
115973
115973
1246
115875
115875
115875
115875
115875
115875
115875
115875
115875
115875
115875
115875
115875
1365
115908
115908
115908
115908
115908
115908
115908
115908
115908
115908
115908
115908
115908
115914
115914
115914
115914
115914
115914
115914
115914
115914
115914
115914
115914
115914
1286
115874
115874
115874
115874
115874
115874
115874
115874
115874
115874
115874
115874
115874
115874
115825
115825
115825
115825
115825
115825
115825
115825
115825
115825
115825
115825
1316
115931
115931
115931
115931
115931
115931
115931
115931
115931
115931
115931
115931
1225
115879
115879
115879
115879
115879
115879
115879
115879
115879
115879
115879
115879
115879
1208
115883
115883
115883
115883
115883
115883
115883
115883
115883
115883
115883
115883
115883
1396
115792
115792
115792
115792
115792
115792
115792
115792
115792
115792
115792
115792
1270
115735
115735
115735
115735
115735
115735
115735
115735
115735
115735
115735
115735
1249
115746
115746
115746
115746
115746
115746
115746
115746
115746
115746
115746
115746
115746
115833
115833
115833
115833
115833
115833
115833
115833
115833
115833
115833
115833
115833
115833
115784
115784
115784
115784
115784
115784
115784
115784
115784
115784
115784
115784
115784
1278
115912
115912
115912
115912
115912
115912
115912
115912
115912
115912
115912
115912
1270
115876
115876
115876
115876
115876
115876
115876
115876
115876
115876
115876
115876
1307
115855
115855
115855
115855
115855
115855
115855
115855
115855
115855
115855
1233
115954
115954
115954
115954
115954
115954
115954
115954
115954
115954
115954
115954
115954
1337
115928
115928
115928
115928
115928
115928
115928
115928
115928
115928
115928
115928
115928
115934
115934
115934
115934
115934
115934
115934
115934
115934
115934
115934
115934
1389
1355
1355
1355
1355
1355
1355
1355
1355
1355
1355
1355
1355
1355
1284
1293
1293
1293
1293
1293
1293
1293
1293
1293
1293
1293
1293
1293
1293
1311
1311
1311
1311
1311
1311
1311
1311
1311
1311
1311
1311
1311
1296
1296
1296
1296
1296
1296
1296
1296
1296
1296
1296
1296
1296
1296
1302
1302
1302
1302
1302
1302
1302
1302
1302
1302
1302
1302
1302
1302
1349
1349
1349
1349
1349
1349
1349
1349
1349
1349
1349
1349
1297
1302
1302
1302
1302
1302
1302
1302
1302
1302
1302
1302
1302
1302
1342
1338
1338
1338
1338
1338
1338
1338
1338
1338
1338
1338
1253
1350
1350
1350
1350
1350
1350
1350
1350
1350
1350
1350
1350
1350
1342
1338
1338
1338
1338
1338
1338
1338
1338
1338
1338
1338
1338
1260
1283
1283
1283
1283
1283
1283
1283
1283
1283
1283
1283
1283
1283
1368
1396
1396
1396
1396
1396
1396
1396
1396
1396
1396
1396
1396
1264
1246
1246
1246
1246
1246
1246
1246
1246
1246
1246
1246
1246
1246
1176
1365
1365
1365
1365
1365
1365
1365
1365
1365
1365
1365
1365
1365
1215
1342
1342
1342
1342
1342
1342
1342
1342
1342
1342
1342
1342
1283
1286
1286
1286
1286
1286
1286
1286
1286
1286
1286
1286
1286
1386
115874
115874
115874
115874
115874
115874
115874
115874
115874
115874
115874
115874
1291
1316
1316
1316
1316
1316
1316
1316
1316
1316
1316
1316
1316
1316
1314
1225
1225
1225
1225
1225
1225
1225
1225
1225
1225
1225
1225
1269
1208
1208
1208
1208
1208
1208
1208
1208
1208
1208
1208
1208
1353
1396
1396
1396
1396
1396
1396
1396
1396
1396
1396
1396
1396
1396
1396
1270
1270
1270
1270
1270
1270
1270
1270
1270
1270
1270
1270
1404
1249
1249
1249
1249
1249
1249
1249
1249
1249
1249
1249
1249
1409
1316
1316
1316
1316
1316
1316
1316
1316
1316
1316
1316
1288
1288
1288
1288
1288
1288
1288
1288
1288
1288
1288
1288
1375
1278
1278
1278
1278
1278
1278
1278
1278
1278
1278
1278
1278
1391
1270
1270
1270
1270
1270
1270
1270
1270
1270
1270
1307
1307
1307
1307
1307
1307
1307
1307
1307
1307
1307
1307
1307
1233
1233
1233
1233
1233
1233
1233
1233
1233
1233
1233
1233
1233
1329
1337
1337
1337
1337
1337
1337
1337
1337
1337
1365
1214
1214
1214
1214
1214
1214
1214
1214
1214
1214
1214
1214
1279
1389
1389
1389
1389
1389
1389
1389
1389
1389
1389
1309
1284
1284
1284
1284
1284
1284
1284
1284
1284
1284
1284
1284
1365
1293
1293
1293
1293
1293
1293
1293
1293
1293
1293
1293
1293
1293
1358
1358
1358
1358
1358
1358
1358
1358
1358
1256
1256
1256
1256
1256
1256
1256
1256
1256
1256
1256
1256
1415
1302
1302
1302
1302
1302
1302
1302
1354
1297
1297
1297
1297
1297
1297
1297
1262
1342
1342
1342
1342
1342
1342
1342
1342
1342
1342
1363
1253
1253
1253
1253
1345
1342
1342
1342
1342
1342
1342
1342
1342
1328
1260
1260
1260
1260
1260
1260
1260
1260
1260
1224
1368
1368
1368
1368
1368
1368
1368
1368
1368
1368
1368
1368
1264
1264
1264
1264
1264
1264
1264
1264
1264
1264
1264
1270
1176
1176
1176
1176
1176
1176
1176
1176
1176
1176
1281
1215
1215
1215
1215
1215
1215
1215
1215
1215
1215
1215
1215
1331
1283
1283
1283
1283
1283
1283
1283
1283
