133128
133128
133128
133128
133128
133128
133128
133128
133128
133128
133128
1200
133285
133285
133285
133285
133285
133285
133285
133285
133285
133285
133285
133285
1178
133679
133679
133679
133679
133679
133679
133679
133679
133679
133679
133679
133679
133679
1214
133656
133656
133656
133656
133656
133656
133656
133656
133656
133656
133656
1205
133493
133493
133493
133493
133493
133493
133493
133493
133493
133493
133493
133493
133493
1209
133497
133497
133497
133497
133497
133497
133497
133497
133497
133497
133497
133497
133497
1089
133496
133496
133496
133496
133496
133496
133496
133496
133496
133496
133496
133496
1190
133737
133737
133737
133737
133737
133737
133737
133737
133737
133737
133737
133737
133737
1203
133751
133751
133751
133751
133751
133751
133751
133751
133751
133751
133751
133751
133751
133717
133717
133717
133717
133717
133717
133717
133717
133717
133717
133717
133717
133717
1153
133386
133386
133386
133386
133386
133386
133386
133386
133386
133386
133386
133386
133386
1161
133363
133363
133363
133363
133363
133363
133363
133363
133363
133363
133363
133363
133363
1099
133322
133322
133322
133322
133322
133322
133322
133322
133322
133322
133322
133322
1092
133321
133321
133321
133321
133321
133321
133321
133321
133321
133321
133321
133321
133321
1111
133415
133415
133415
133415
133415
133415
133415
133415
133415
133415
133415
133415
133415
133354
133354
133354
133354
133354
133354
133354
133354
133354
133354
133354
133354
133354
1038
133328
133328
133328
133328
133328
133328
133328
133328
133328
133328
133328
133328
133328
133328
133179
133179
133179
133179
133179
133179
133179
133179
133179
133179
133179
133179
1002
133092
133092
133092
133092
133092
133092
133092
133092
133092
133092
133092
133092
994
133410
133410
133410
133410
133410
133410
133410
133410
133410
133410
133410
133410
133410
1039
133358
133358
133358
133358
133358
133358
133358
133358
133358
133358
133358
133358
133358
937
133485
133485
133485
133485
133485
133485
133485
133485
133485
133485
133485
133485
950
133394
133394
133394
133394
133394
133394
133394
133394
133394
133394
133394
133394
989
133409
133409
133409
133409
133409
133409
133409
133409
133409
133409
133409
133409
133409
133402
133402
133402
133402
133402
133402
133402
133402
133402
133402
133402
133402
133402
133402
133514
133514
133514
133514
133514
133514
133514
133514
133514
133514
133514
133514
133514
885
133392
133392
133392
133392
133392
133392
133392
133392
133392
133392
133392
133392
947
133406
133406
133406
133406
133406
133406
133406
133406
133406
133406
133406
133406
904
133465
133465
133465
133465
133465
133465
133465
133465
133465
133465
133465
133465
133452
133452
133452
133452
133452
133452
133452
133452
133452
133452
133452
133452
133452
936
133400
133400
133400
133400
133400
133400
133400
133400
133400
133400
133400
133400
133400
133013
133013
133013
133013
133013
133013
133013
133013
133013
133013
133013
133013
133013
1200
1200
1200
1200
1200
1200
1200
1200
1200
1200
1200
1200
1200
920
1178
1178
1178
1178
1178
1178
1178
1178
1178
1178
1178
1178
1178
1178
1214
1214
1214
1214
1214
1214
1214
1214
1214
1214
1214
1214
1214
1205
1205
1205
1205
1205
1205
1205
1205
1205
1205
1205
1205
1205
1205
1209
1209
1209
1209
1209
1209
1209
1209
1209
1209
1209
1209
1209
1209
1089
1089
1089
1089
1089
1089
1089
1089
1089
1089
1089
1089
1089
1190
1190
1190
1190
1190
1190
1190
1190
1190
1190
1190
1190
1190
862
1203
1203
1203
1203
1203
1203
1203
1203
1203
1203
1203
967
1132
1132
1132
1132
1132
1132
1132
1132
1132
1132
1132
1132
1132
806
1153
1153
1153
1153
1153
1153
1153
1153
1153
1153
1153
1153
878
1161
1161
1161
1161
1161
1161
1161
1161
1161
1161
1161
1161
1161
974
1099
1099
1099
1099
1099
1099
1099
1099
1099
1099
1099
1099
896
1092
1092
1092
1092
1092
1092
1092
1092
1092
1092
1092
1092
1092
916
1111
1111
1111
1111
1111
1111
1111
1111
1111
1111
1111
1111
1111
852
1092
1092
1092
1092
1092
1092
1092
1092
1092
1092
1092
1092
828
1038
1038
1038
1038
1038
1038
1038
1038
1038
1038
1038
1038
852
133328
133328
133328
133328
133328
133328
133328
133328
133328
133328
133328
133328
862
1002
1002
1002
1002
1002
1002
1002
1002
1002
1002
1002
1002
1002
984
994
994
994
994
994
994
994
994
994
994
994
994
829
1039
1039
1039
1039
1039
1039
1039
1039
1039
1039
1039
1039
897
937
937
937
937
937
937
937
937
937
937
937
937
937
937
950
950
950
950
950
950
950
950
950
950
950
950
822
989
989
989
989
989
989
989
989
989
989
989
989
891
929
929
929
929
929
929
929
929
929
929
929
1004
1004
1004
1004
1004
1004
1004
1004
1004
1004
1004
1004
926
885
885
885
885
885
885
885
885
885
885
885
885
1044
947
947
947
947
947
947
947
947
947
947
904
904
904
904
904
904
904
904
904
904
904
904
904
923
923
923
923
923
923
923
923
923
923
923
923
923
780
936
936
936
936
936
936
936
936
936
923
872
872
872
872
872
872
872
872
872
872
872
872
824
829
829
829
829
829
829
829
829
829
829
850
920
920
920
920
920
920
920
920
920
920
920
920
898
1178
1178
1178
1178
1178
1178
1178
1178
1178
1178
1178
1178
1178
927
927
927
927
927
927
927
927
927
855
855
855
855
855
855
855
855
855
855
855
855
873
1209
1209
1209
1209
1209
1209
1209
865
851
851
851
851
851
851
851
922
862
862
862
862
862
862
862
862
862
862
905
967
967
967
967
791
806
806
806
806
806
806
806
806
897
878
878
878
878
878
878
878
878
878
879
974
974
974
974
974
974
974
974
974
974
974
974
896
896
896
896
896
896
896
896
896
896
896
802
916
916
916
916
916
916
916
916
916
916
863
852
852
852
852
852
852
852
852
852
852
852
852
910
828
828
828
828
828
828
828
828
